Performing system checks...

TensorFlow model and tokenizer loaded successfully.
System check identified no issues (0 silenced).
September 20, 2025 - 13:32:53
Django version 5.2.6, using settings 'mysite.settings'
Starting development server at http://0.0.0.0:8000/
Quit the server with CTRL-BREAK.

WARNING: This is a development server. Do not use it in a production setting. Use a production WSGI or ASGI server instead.
For more information on production servers see: https://docs.djangoproject.com/en/5.2/howto/deployment/
Performing system checks...

TensorFlow model and tokenizer loaded successfully.
System check identified no issues (0 silenced).
September 20, 2025 - 13:47:18
Django version 5.2.6, using settings 'mysite.settings'
Starting development server at http://0.0.0.0:8000/
Quit the server with CTRL-BREAK.

WARNING: This is a development server. Do not use it in a production setting. Use a production WSGI or ASGI server instead.
For more information on production servers see: https://docs.djangoproject.com/en/5.2/howto/deployment/
Performing system checks...

TensorFlow model and tokenizer loaded successfully.
System check identified no issues (0 silenced).
September 20, 2025 - 13:48:42
Django version 5.2.6, using settings 'mysite.settings'
Starting development server at http://0.0.0.0:8000/
Quit the server with CTRL-BREAK.

WARNING: This is a development server. Do not use it in a production setting. Use a production WSGI or ASGI server instead.
For more information on production servers see: https://docs.djangoproject.com/en/5.2/howto/deployment/
Performing system checks...

TensorFlow model and tokenizer loaded successfully.
System check identified no issues (0 silenced).
September 20, 2025 - 13:49:06
Django version 5.2.6, using settings 'mysite.settings'
Starting development server at http://0.0.0.0:8000/
Quit the server with CTRL-BREAK.

WARNING: This is a development server. Do not use it in a production setting. Use a production WSGI or ASGI server instead.
For more information on production servers see: https://docs.djangoproject.com/en/5.2/howto/deployment/
